
AVRASM ver. 2.1.17  C:\Documents and Settings\CC Dharmani\Desktop\3310LCD_CV\List\3310_LCD.asm Sun Jul 05 17:02:12 2009

                 
                 
                 ;CodeVisionAVR C Compiler V2.03.9 Evaluation
                 ;(C) Copyright 1998-2008 Pavel Haiduc, HP InfoTech s.r.l.
                 ;http://www.hpinfotech.com
                 
                 ;Chip type              : ATmega8
                 ;Program type           : Application
                 ;Clock frequency        : 1.000000 MHz
                 ;Memory model           : Small
                 ;Optimize for           : Size
                 ;(s)printf features     : int, width
                 ;(s)scanf features      : int, width
                 ;External RAM size      : 0
                 ;Data Stack size        : 256 byte(s)
                 ;Heap size              : 0 byte(s)
                 ;Promote char to int    : No
                 ;char is unsigned       : Yes
                 ;global const stored in FLASH  : Yes
                 ;8 bit enums            : No
                 ;Enhanced core instructions    : On
                 ;Smart register allocation : On
                 ;Automatic register allocation : On
                 
                 	#pragma AVRPART ADMIN PART_NAME ATmega8
                 	#pragma AVRPART MEMORY PROG_FLASH 8192
                 	#pragma AVRPART MEMORY EEPROM 512
                 	#pragma AVRPART MEMORY INT_SRAM SIZE 1024
                 	#pragma AVRPART MEMORY INT_SRAM START_ADDR 0x60
                 
                 	.LISTMAC
                 	.EQU UDRE=0x5
                 	.EQU RXC=0x7
                 	.EQU USR=0xB
                 	.EQU UDR=0xC
                 	.EQU SPSR=0xE
                 	.EQU SPDR=0xF
                 	.EQU EERE=0x0
                 	.EQU EEWE=0x1
                 	.EQU EEMWE=0x2
                 	.EQU EECR=0x1C
                 	.EQU EEDR=0x1D
                 	.EQU EEARL=0x1E
                 	.EQU EEARH=0x1F
                 	.EQU WDTCR=0x21
                 	.EQU MCUCR=0x35
                 	.EQU GICR=0x3B
                 	.EQU SPL=0x3D
                 	.EQU SPH=0x3E
                 	.EQU SREG=0x3F
                 
                 	.DEF R0X0=R0
                 	.DEF R0X1=R1
                 	.DEF R0X2=R2
                 	.DEF R0X3=R3
                 	.DEF R0X4=R4
                 	.DEF R0X5=R5
                 	.DEF R0X6=R6
                 	.DEF R0X7=R7
                 	.DEF R0X8=R8
                 	.DEF R0X9=R9
                 	.DEF R0XA=R10
                 	.DEF R0XB=R11
                 	.DEF R0XC=R12
                 	.DEF R0XD=R13
                 	.DEF R0XE=R14
                 	.DEF R0XF=R15
                 	.DEF R0X10=R16
                 	.DEF R0X11=R17
                 	.DEF R0X12=R18
                 	.DEF R0X13=R19
                 	.DEF R0X14=R20
                 	.DEF R0X15=R21
                 	.DEF R0X16=R22
                 	.DEF R0X17=R23
                 	.DEF R0X18=R24
                 	.DEF R0X19=R25
                 	.DEF R0X1A=R26
                 	.DEF R0X1B=R27
                 	.DEF R0X1C=R28
                 	.DEF R0X1D=R29
                 	.DEF R0X1E=R30
                 	.DEF R0X1F=R31
                 
                 	.MACRO __CPD1N
                 	CPI  R30,LOW(@0)
                 	LDI  R26,HIGH(@0)
                 	CPC  R31,R26
                 	LDI  R26,BYTE3(@0)
                 	CPC  R22,R26
                 	LDI  R26,BYTE4(@0)
                 	CPC  R23,R26
                 	.ENDM
                 
                 	.MACRO __CPD2N
                 	CPI  R26,LOW(@0)
                 	LDI  R30,HIGH(@0)
                 	CPC  R27,R30
                 	LDI  R30,BYTE3(@0)
                 	CPC  R24,R30
                 	LDI  R30,BYTE4(@0)
                 	CPC  R25,R30
                 	.ENDM
                 
                 	.MACRO __CPWRR
                 	CP   R@0,R@2
                 	CPC  R@1,R@3
                 	.ENDM
                 
                 	.MACRO __CPWRN
                 	CPI  R@0,LOW(@2)
                 	LDI  R30,HIGH(@2)
                 	CPC  R@1,R30
                 	.ENDM
                 
                 	.MACRO __ADDB1MN
                 	SUBI R30,LOW(-@0-(@1))
                 	.ENDM
                 
                 	.MACRO __ADDB2MN
                 	SUBI R26,LOW(-@0-(@1))
                 	.ENDM
                 
                 	.MACRO __ADDW1MN
                 	SUBI R30,LOW(-@0-(@1))
                 	SBCI R31,HIGH(-@0-(@1))
                 	.ENDM
                 
                 	.MACRO __ADDW2MN
                 	SUBI R26,LOW(-@0-(@1))
                 	SBCI R27,HIGH(-@0-(@1))
                 	.ENDM
                 
                 	.MACRO __ADDW1FN
                 	SUBI R30,LOW(-2*@0-(@1))
                 	SBCI R31,HIGH(-2*@0-(@1))
                 	.ENDM
                 
                 	.MACRO __ADDD1FN
                 	SUBI R30,LOW(-2*@0-(@1))
                 	SBCI R31,HIGH(-2*@0-(@1))
                 	SBCI R22,BYTE3(-2*@0-(@1))
                 	.ENDM
                 
                 	.MACRO __ADDD1N
                 	SUBI R30,LOW(-@0)
                 	SBCI R31,HIGH(-@0)
                 	SBCI R22,BYTE3(-@0)
                 	SBCI R23,BYTE4(-@0)
                 	.ENDM
                 
                 	.MACRO __ADDD2N
                 	SUBI R26,LOW(-@0)
                 	SBCI R27,HIGH(-@0)
                 	SBCI R24,BYTE3(-@0)
                 	SBCI R25,BYTE4(-@0)
                 	.ENDM
                 
                 	.MACRO __SUBD1N
                 	SUBI R30,LOW(@0)
                 	SBCI R31,HIGH(@0)
                 	SBCI R22,BYTE3(@0)
                 	SBCI R23,BYTE4(@0)
                 	.ENDM
                 
                 	.MACRO __SUBD2N
                 	SUBI R26,LOW(@0)
                 	SBCI R27,HIGH(@0)
                 	SBCI R24,BYTE3(@0)
                 	SBCI R25,BYTE4(@0)
                 	.ENDM
                 
                 	.MACRO __ANDBMNN
                 	LDS  R30,@0+@1
                 	ANDI R30,LOW(@2)
                 	STS  @0+@1,R30
                 	.ENDM
                 
                 	.MACRO __ANDWMNN
                 	LDS  R30,@0+@1
                 	ANDI R30,LOW(@2)
                 	STS  @0+@1,R30
                 	LDS  R30,@0+@1+1
                 	ANDI R30,HIGH(@2)
                 	STS  @0+@1+1,R30
                 	.ENDM
                 
                 	.MACRO __ANDD1N
                 	ANDI R30,LOW(@0)
                 	ANDI R31,HIGH(@0)
                 	ANDI R22,BYTE3(@0)
                 	ANDI R23,BYTE4(@0)
                 	.ENDM
                 
                 	.MACRO __ANDD2N
                 	ANDI R26,LOW(@0)
                 	ANDI R27,HIGH(@0)
                 	ANDI R24,BYTE3(@0)
                 	ANDI R25,BYTE4(@0)
                 	.ENDM
                 
                 	.MACRO __ORBMNN
                 	LDS  R30,@0+@1
                 	ORI  R30,LOW(@2)
                 	STS  @0+@1,R30
                 	.ENDM
                 
                 	.MACRO __ORWMNN
                 	LDS  R30,@0+@1
                 	ORI  R30,LOW(@2)
                 	STS  @0+@1,R30
                 	LDS  R30,@0+@1+1
                 	ORI  R30,HIGH(@2)
                 	STS  @0+@1+1,R30
                 	.ENDM
                 
                 	.MACRO __ORD1N
                 	ORI  R30,LOW(@0)
                 	ORI  R31,HIGH(@0)
                 	ORI  R22,BYTE3(@0)
                 	ORI  R23,BYTE4(@0)
                 	.ENDM
                 
                 	.MACRO __ORD2N
                 	ORI  R26,LOW(@0)
                 	ORI  R27,HIGH(@0)
                 	ORI  R24,BYTE3(@0)
                 	ORI  R25,BYTE4(@0)
                 	.ENDM
                 
                 	.MACRO __DELAY_USB
                 	LDI  R24,LOW(@0)
                 __DELAY_USB_LOOP:
                 	DEC  R24
                 	BRNE __DELAY_USB_LOOP
                 	.ENDM
                 
                 	.MACRO __DELAY_USW
                 	LDI  R24,LOW(@0)
                 	LDI  R25,HIGH(@0)
                 __DELAY_USW_LOOP:
                 	SBIW R24,1
                 	BRNE __DELAY_USW_LOOP
                 	.ENDM
                 
                 	.MACRO __GETD1S
                 	LDD  R30,Y+@0
                 	LDD  R31,Y+@0+1
                 	LDD  R22,Y+@0+2
                 	LDD  R23,Y+@0+3
                 	.ENDM
                 
                 	.MACRO __PUTD1S
                 	STD  Y+@0,R30
                 	STD  Y+@0+1,R31
                 	STD  Y+@0+2,R22
                 	STD  Y+@0+3,R23
                 	.ENDM
                 
                 	.MACRO __PUTD2S
                 	STD  Y+@0,R26
                 	STD  Y+@0+1,R27
                 	STD  Y+@0+2,R24
                 	STD  Y+@0+3,R25
                 	.ENDM
                 
                 	.MACRO __POINTB1MN
                 	LDI  R30,LOW(@0+@1)
                 	.ENDM
                 
                 	.MACRO __POINTW1MN
                 	LDI  R30,LOW(@0+@1)
                 	LDI  R31,HIGH(@0+@1)
                 	.ENDM
                 
                 	.MACRO __POINTD1M
                 	LDI  R30,LOW(@0)
                 	LDI  R31,HIGH(@0)
                 	LDI  R22,BYTE3(@0)
                 	LDI  R23,BYTE4(@0)
                 	.ENDM
                 
                 	.MACRO __POINTW1FN
                 	LDI  R30,LOW(2*@0+@1)
                 	LDI  R31,HIGH(2*@0+@1)
                 	.ENDM
                 
                 	.MACRO __POINTD1FN
                 	LDI  R30,LOW(2*@0+@1)
                 	LDI  R31,HIGH(2*@0+@1)
                 	LDI  R22,BYTE3(2*@0+@1)
                 	LDI  R23,BYTE4(2*@0+@1)
                 	.ENDM
                 
                 	.MACRO __POINTB2MN
                 	LDI  R26,LOW(@0+@1)
                 	.ENDM
                 
                 	.MACRO __POINTW2MN
                 	LDI  R26,LOW(@0+@1)
                 	LDI  R27,HIGH(@0+@1)
                 	.ENDM
                 
                 	.MACRO __POINTBRM
                 	LDI  R@0,LOW(@1)
                 	.ENDM
                 
                 	.MACRO __POINTWRM
                 	LDI  R@0,LOW(@2)
                 	LDI  R@1,HIGH(@2)
                 	.ENDM
                 
                 	.MACRO __POINTBRMN
                 	LDI  R@0,LOW(@1+@2)
                 	.ENDM
                 
                 	.MACRO __POINTWRMN
                 	LDI  R@0,LOW(@2+@3)
                 	LDI  R@1,HIGH(@2+@3)
                 	.ENDM
                 
                 	.MACRO __POINTWRFN
                 	LDI  R@0,LOW(@2*2+@3)
                 	LDI  R@1,HIGH(@2*2+@3)
                 	.ENDM
                 
                 	.MACRO __GETD1N
                 	LDI  R30,LOW(@0)
                 	LDI  R31,HIGH(@0)
                 	LDI  R22,BYTE3(@0)
                 	LDI  R23,BYTE4(@0)
                 	.ENDM
                 
                 	.MACRO __GETD2N
                 	LDI  R26,LOW(@0)
                 	LDI  R27,HIGH(@0)
                 	LDI  R24,BYTE3(@0)
                 	LDI  R25,BYTE4(@0)
                 	.ENDM
                 
                 	.MACRO __GETD2S
                 	LDD  R26,Y+@0
                 	LDD  R27,Y+@0+1
                 	LDD  R24,Y+@0+2
                 	LDD  R25,Y+@0+3
                 	.ENDM
                 
                 	.MACRO __GETB1MN
                 	LDS  R30,@0+@1
                 	.ENDM
                 
                 	.MACRO __GETB1HMN
                 	LDS  R31,@0+@1
                 	.ENDM
                 
                 	.MACRO __GETW1MN
                 	LDS  R30,@0+@1
                 	LDS  R31,@0+@1+1
                 	.ENDM
                 
                 	.MACRO __GETD1MN
                 	LDS  R30,@0+@1
                 	LDS  R31,@0+@1+1
                 	LDS  R22,@0+@1+2
                 	LDS  R23,@0+@1+3
                 	.ENDM
                 
                 	.MACRO __GETBRMN
                 	LDS  R@0,@1+@2
                 	.ENDM
                 
                 	.MACRO __GETWRMN
                 	LDS  R@0,@2+@3
                 	LDS  R@1,@2+@3+1
                 	.ENDM
                 
                 	.MACRO __GETWRZ
                 	LDD  R@0,Z+@2
                 	LDD  R@1,Z+@2+1
                 	.ENDM
                 
                 	.MACRO __GETD2Z
                 	LDD  R26,Z+@0
                 	LDD  R27,Z+@0+1
                 	LDD  R24,Z+@0+2
                 	LDD  R25,Z+@0+3
                 	.ENDM
                 
                 	.MACRO __GETB2MN
                 	LDS  R26,@0+@1
                 	.ENDM
                 
                 	.MACRO __GETW2MN
                 	LDS  R26,@0+@1
                 	LDS  R27,@0+@1+1
                 	.ENDM
                 
                 	.MACRO __GETD2MN
                 	LDS  R26,@0+@1
                 	LDS  R27,@0+@1+1
                 	LDS  R24,@0+@1+2
                 	LDS  R25,@0+@1+3
                 	.ENDM
                 
                 	.MACRO __PUTB1MN
                 	STS  @0+@1,R30
                 	.ENDM
                 
                 	.MACRO __PUTW1MN
                 	STS  @0+@1,R30
                 	STS  @0+@1+1,R31
                 	.ENDM
                 
                 	.MACRO __PUTD1MN
                 	STS  @0+@1,R30
                 	STS  @0+@1+1,R31
                 	STS  @0+@1+2,R22
                 	STS  @0+@1+3,R23
                 	.ENDM
                 
                 	.MACRO __PUTB1EN
                 	LDI  R26,LOW(@0+@1)
                 	LDI  R27,HIGH(@0+@1)
                 	RCALL __EEPROMWRB
                 	.ENDM
                 
                 	.MACRO __PUTW1EN
                 	LDI  R26,LOW(@0+@1)
                 	LDI  R27,HIGH(@0+@1)
                 	RCALL __EEPROMWRW
                 	.ENDM
                 
                 	.MACRO __PUTD1EN
                 	LDI  R26,LOW(@0+@1)
                 	LDI  R27,HIGH(@0+@1)
                 	RCALL __EEPROMWRD
                 	.ENDM
                 
                 	.MACRO __PUTBR0MN
                 	STS  @0+@1,R0
                 	.ENDM
                 
                 	.MACRO __PUTDZ2
                 	STD  Z+@0,R26
                 	STD  Z+@0+1,R27
                 	STD  Z+@0+2,R24
                 	STD  Z+@0+3,R25
                 	.ENDM
                 
                 	.MACRO __PUTBMRN
                 	STS  @0+@1,R@2
                 	.ENDM
                 
                 	.MACRO __PUTWMRN
                 	STS  @0+@1,R@2
                 	STS  @0+@1+1,R@3
                 	.ENDM
                 
                 	.MACRO __PUTBZR
                 	STD  Z+@1,R@0
                 	.ENDM
                 
                 	.MACRO __PUTWZR
                 	STD  Z+@2,R@0
                 	STD  Z+@2+1,R@1
                 	.ENDM
                 
                 	.MACRO __GETW1R
                 	MOV  R30,R@0
                 	MOV  R31,R@1
                 	.ENDM
                 
                 	.MACRO __GETW2R
                 	MOV  R26,R@0
                 	MOV  R27,R@1
                 	.ENDM
                 
                 	.MACRO __GETWRN
                 	LDI  R@0,LOW(@2)
                 	LDI  R@1,HIGH(@2)
                 	.ENDM
                 
                 	.MACRO __PUTW1R
                 	MOV  R@0,R30
                 	MOV  R@1,R31
                 	.ENDM
                 
                 	.MACRO __PUTW2R
                 	MOV  R@0,R26
                 	MOV  R@1,R27
                 	.ENDM
                 
                 	.MACRO __ADDWRN
                 	SUBI R@0,LOW(-@2)
                 	SBCI R@1,HIGH(-@2)
                 	.ENDM
                 
                 	.MACRO __ADDWRR
                 	ADD  R@0,R@2
                 	ADC  R@1,R@3
                 	.ENDM
                 
                 	.MACRO __SUBWRN
                 	SUBI R@0,LOW(@2)
                 	SBCI R@1,HIGH(@2)
                 	.ENDM
                 
                 	.MACRO __SUBWRR
                 	SUB  R@0,R@2
                 	SBC  R@1,R@3
                 	.ENDM
                 
                 	.MACRO __ANDWRN
                 	ANDI R@0,LOW(@2)
                 	ANDI R@1,HIGH(@2)
                 	.ENDM
                 
                 	.MACRO __ANDWRR
                 	AND  R@0,R@2
                 	AND  R@1,R@3
                 	.ENDM
                 
                 	.MACRO __ORWRN
                 	ORI  R@0,LOW(@2)
                 	ORI  R@1,HIGH(@2)
                 	.ENDM
                 
                 	.MACRO __ORWRR
                 	OR   R@0,R@2
                 	OR   R@1,R@3
                 	.ENDM
                 
                 	.MACRO __EORWRR
                 	EOR  R@0,R@2
                 	EOR  R@1,R@3
                 	.ENDM
                 
                 	.MACRO __GETWRS
                 	LDD  R@0,Y+@2
                 	LDD  R@1,Y+@2+1
                 	.ENDM
                 
                 	.MACRO __PUTWSR
                 	STD  Y+@2,R@0
                 	STD  Y+@2+1,R@1
                 	.ENDM
                 
                 	.MACRO __MOVEWRR
                 	MOV  R@0,R@2
                 	MOV  R@1,R@3
                 	.ENDM
                 
                 	.MACRO __INWR
                 	IN   R@0,@2
                 	IN   R@1,@2+1
                 	.ENDM
                 
                 	.MACRO __OUTWR
                 	OUT  @2+1,R@1
                 	OUT  @2,R@0
                 	.ENDM
                 
                 	.MACRO __CALL1MN
                 	LDS  R30,@0+@1
                 	LDS  R31,@0+@1+1
                 	ICALL
                 	.ENDM
                 
                 	.MACRO __CALL1FN
                 	LDI  R30,LOW(2*@0+@1)
                 	LDI  R31,HIGH(2*@0+@1)
                 	RCALL __GETW1PF
                 	ICALL
                 	.ENDM
                 
                 	.MACRO __CALL2EN
                 	LDI  R26,LOW(@0+@1)
                 	LDI  R27,HIGH(@0+@1)
                 	RCALL __EEPROMRDW
                 	ICALL
                 	.ENDM
                 
                 	.MACRO __GETW1STACK
                 	IN   R26,SPL
                 	IN   R27,SPH
                 	ADIW R26,@0+1
                 	LD   R30,X+
                 	LD   R31,X
                 	.ENDM
                 
                 	.MACRO __NBST
                 	BST  R@0,@1
                 	IN   R30,SREG
                 	LDI  R31,0x40
                 	EOR  R30,R31
                 	OUT  SREG,R30
                 	.ENDM
                 
                 
                 	.MACRO __PUTB1SN
                 	LDD  R26,Y+@0
                 	LDD  R27,Y+@0+1
                 	SUBI R26,LOW(-@1)
                 	SBCI R27,HIGH(-@1)
                 	ST   X,R30
                 	.ENDM
                 
                 	.MACRO __PUTW1SN
                 	LDD  R26,Y+@0
                 	LDD  R27,Y+@0+1
                 	SUBI R26,LOW(-@1)
                 	SBCI R27,HIGH(-@1)
                 	ST   X+,R30
                 	ST   X,R31
                 	.ENDM
                 
                 	.MACRO __PUTD1SN
                 	LDD  R26,Y+@0
                 	LDD  R27,Y+@0+1
                 	SUBI R26,LOW(-@1)
                 	SBCI R27,HIGH(-@1)
                 	RCALL __PUTDP1
                 	.ENDM
                 
                 	.MACRO __PUTB1SNS
                 	LDD  R26,Y+@0
                 	LDD  R27,Y+@0+1
                 	ADIW R26,@1
                 	ST   X,R30
                 	.ENDM
                 
                 	.MACRO __PUTW1SNS
                 	LDD  R26,Y+@0
                 	LDD  R27,Y+@0+1
                 	ADIW R26,@1
                 	ST   X+,R30
                 	ST   X,R31
                 	.ENDM
                 
                 	.MACRO __PUTD1SNS
                 	LDD  R26,Y+@0
                 	LDD  R27,Y+@0+1
                 	ADIW R26,@1
                 	RCALL __PUTDP1
                 	.ENDM
                 
                 	.MACRO __PUTB1PMN
                 	LDS  R26,@0
                 	LDS  R27,@0+1
                 	SUBI R26,LOW(-@1)
                 	SBCI R27,HIGH(-@1)
                 	ST   X,R30
                 	.ENDM
                 
                 	.MACRO __PUTW1PMN
                 	LDS  R26,@0
                 	LDS  R27,@0+1
                 	SUBI R26,LOW(-@1)
                 	SBCI R27,HIGH(-@1)
                 	ST   X+,R30
                 	ST   X,R31
                 	.ENDM
                 
                 	.MACRO __PUTD1PMN
                 	LDS  R26,@0
                 	LDS  R27,@0+1
                 	SUBI R26,LOW(-@1)
                 	SBCI R27,HIGH(-@1)
                 	RCALL __PUTDP1
                 	.ENDM
                 
                 	.MACRO __PUTB1PMNS
                 	LDS  R26,@0
                 	LDS  R27,@0+1
                 	ADIW R26,@1
                 	ST   X,R30
                 	.ENDM
                 
                 	.MACRO __PUTW1PMNS
                 	LDS  R26,@0
                 	LDS  R27,@0+1
                 	ADIW R26,@1
                 	ST   X+,R30
                 	ST   X,R31
                 	.ENDM
                 
                 	.MACRO __PUTD1PMNS
                 	LDS  R26,@0
                 	LDS  R27,@0+1
                 	ADIW R26,@1
                 	RCALL __PUTDP1
                 	.ENDM
                 
                 	.MACRO __PUTB1RN
                 	MOVW R26,R@0
                 	SUBI R26,LOW(-@1)
                 	SBCI R27,HIGH(-@1)
                 	ST   X,R30
                 	.ENDM
                 
                 	.MACRO __PUTW1RN
                 	MOVW R26,R@0
                 	SUBI R26,LOW(-@1)
                 	SBCI R27,HIGH(-@1)
                 	ST   X+,R30
                 	ST   X,R31
                 	.ENDM
                 
                 	.MACRO __PUTD1RN
                 	MOVW R26,R@0
                 	SUBI R26,LOW(-@1)
                 	SBCI R27,HIGH(-@1)
                 	RCALL __PUTDP1
                 	.ENDM
                 
                 	.MACRO __PUTB1RNS
                 	MOVW R26,R@0
                 	ADIW R26,@1
                 	ST   X,R30
                 	.ENDM
                 
                 	.MACRO __PUTW1RNS
                 	MOVW R26,R@0
                 	ADIW R26,@1
                 	ST   X+,R30
                 	ST   X,R31
                 	.ENDM
                 
                 	.MACRO __PUTD1RNS
                 	MOVW R26,R@0
                 	ADIW R26,@1
                 	RCALL __PUTDP1
                 	.ENDM
                 
                 	.MACRO __PUTB1RON
                 	MOV  R26,R@0
                 	MOV  R27,R@1
                 	SUBI R26,LOW(-@2)
                 	SBCI R27,HIGH(-@2)
                 	ST   X,R30
                 	.ENDM
                 
                 	.MACRO __PUTW1RON
                 	MOV  R26,R@0
                 	MOV  R27,R@1
                 	SUBI R26,LOW(-@2)
                 	SBCI R27,HIGH(-@2)
                 	ST   X+,R30
                 	ST   X,R31
                 	.ENDM
                 
                 	.MACRO __PUTD1RON
                 	MOV  R26,R@0
                 	MOV  R27,R@1
                 	SUBI R26,LOW(-@2)
                 	SBCI R27,HIGH(-@2)
                 	RCALL __PUTDP1
                 	.ENDM
                 
                 	.MACRO __PUTB1RONS
                 	MOV  R26,R@0
                 	MOV  R27,R@1
                 	ADIW R26,@2
                 	ST   X,R30
                 	.ENDM
                 
                 	.MACRO __PUTW1RONS
                 	MOV  R26,R@0
                 	MOV  R27,R@1
                 	ADIW R26,@2
                 	ST   X+,R30
                 	ST   X,R31
                 	.ENDM
                 
                 	.MACRO __PUTD1RONS
                 	MOV  R26,R@0
                 	MOV  R27,R@1
                 	ADIW R26,@2
                 	RCALL __PUTDP1
                 	.ENDM
                 
                 
                 	.MACRO __GETB1SX
                 	MOVW R30,R28
                 	SUBI R30,LOW(-@0)
                 	SBCI R31,HIGH(-@0)
                 	LD   R30,Z
                 	.ENDM
                 
                 	.MACRO __GETB1HSX
                 	MOVW R30,R28
                 	SUBI R30,LOW(-@0)
                 	SBCI R31,HIGH(-@0)
                 	LD   R31,Z
                 	.ENDM
                 
                 	.MACRO __GETW1SX
                 	MOVW R30,R28
                 	SUBI R30,LOW(-@0)
                 	SBCI R31,HIGH(-@0)
                 	LD   R0,Z+
                 	LD   R31,Z
                 	MOV  R30,R0
                 	.ENDM
                 
                 	.MACRO __GETD1SX
                 	MOVW R30,R28
                 	SUBI R30,LOW(-@0)
                 	SBCI R31,HIGH(-@0)
                 	LD   R0,Z+
                 	LD   R1,Z+
                 	LD   R22,Z+
                 	LD   R23,Z
                 	MOVW R30,R0
                 	.ENDM
                 
                 	.MACRO __GETB2SX
                 	MOVW R26,R28
                 	SUBI R26,LOW(-@0)
                 	SBCI R27,HIGH(-@0)
                 	LD   R26,X
                 	.ENDM
                 
                 	.MACRO __GETW2SX
                 	MOVW R26,R28
                 	SUBI R26,LOW(-@0)
                 	SBCI R27,HIGH(-@0)
                 	LD   R0,X+
                 	LD   R27,X
                 	MOV  R26,R0
                 	.ENDM
                 
                 	.MACRO __GETD2SX
                 	MOVW R26,R28
                 	SUBI R26,LOW(-@0)
                 	SBCI R27,HIGH(-@0)
                 	LD   R0,X+
                 	LD   R1,X+
                 	LD   R24,X+
                 	LD   R25,X
                 	MOVW R26,R0
                 	.ENDM
                 
                 	.MACRO __GETBRSX
                 	MOVW R30,R28
                 	SUBI R30,LOW(-@1)
                 	SBCI R31,HIGH(-@1)
                 	LD   R@0,Z
                 	.ENDM
                 
                 	.MACRO __GETWRSX
                 	MOVW R30,R28
                 	SUBI R30,LOW(-@2)
                 	SBCI R31,HIGH(-@2)
                 	LD   R@0,Z+
                 	LD   R@1,Z
                 	.ENDM
                 
                 	.MACRO __LSLW8SX
                 	MOVW R30,R28
                 	SUBI R30,LOW(-@0)
                 	SBCI R31,HIGH(-@0)
                 	LD   R31,Z
                 	CLR  R30
                 	.ENDM
                 
                 	.MACRO __PUTB1SX
                 	MOVW R26,R28
                 	SUBI R26,LOW(-@0)
                 	SBCI R27,HIGH(-@0)
                 	ST   X,R30
                 	.ENDM
                 
                 	.MACRO __PUTW1SX
                 	MOVW R26,R28
                 	SUBI R26,LOW(-@0)
                 	SBCI R27,HIGH(-@0)
                 	ST   X+,R30
                 	ST   X,R31
                 	.ENDM
                 
                 	.MACRO __PUTD1SX
                 	MOVW R26,R28
                 	SUBI R26,LOW(-@0)
                 	SBCI R27,HIGH(-@0)
                 	ST   X+,R30
                 	ST   X+,R31
                 	ST   X+,R22
                 	ST   X,R23
                 	.ENDM
                 
                 	.MACRO __CLRW1SX
                 	MOVW R26,R28
                 	SUBI R26,LOW(-@0)
                 	SBCI R27,HIGH(-@0)
                 	ST   X+,R30
                 	ST   X,R30
                 	.ENDM
                 
                 	.MACRO __CLRD1SX
                 	MOVW R26,R28
                 	SUBI R26,LOW(-@0)
                 	SBCI R27,HIGH(-@0)
                 	ST   X+,R30
                 	ST   X+,R30
                 	ST   X+,R30
                 	ST   X,R30
                 	.ENDM
                 
                 	.MACRO __PUTB2SX
                 	MOVW R30,R28
                 	SUBI R30,LOW(-@0)
                 	SBCI R31,HIGH(-@0)
                 	ST   Z,R26
                 	.ENDM
                 
                 	.MACRO __PUTW2SX
                 	MOVW R30,R28
                 	SUBI R30,LOW(-@0)
                 	SBCI R31,HIGH(-@0)
                 	ST   Z+,R26
                 	ST   Z,R27
                 	.ENDM
                 
                 	.MACRO __PUTD2SX
                 	MOVW R30,R28
                 	SUBI R30,LOW(-@0)
                 	SBCI R31,HIGH(-@0)
                 	ST   Z+,R26
                 	ST   Z+,R27
                 	ST   Z+,R24
                 	ST   Z,R25
                 	.ENDM
                 
                 	.MACRO __PUTBSRX
                 	MOVW R30,R28
                 	SUBI R30,LOW(-@0)
                 	SBCI R31,HIGH(-@0)
                 	ST   Z,R@1
                 	.ENDM
                 
                 	.MACRO __PUTWSRX
                 	MOVW R30,R28
                 	SUBI R30,LOW(-@2)
                 	SBCI R31,HIGH(-@2)
                 	ST   Z+,R@0
                 	ST   Z,R@1
                 	.ENDM
                 
                 	.MACRO __PUTB1SNX
                 	MOVW R26,R28
                 	SUBI R26,LOW(-@0)
                 	SBCI R27,HIGH(-@0)
                 	LD   R0,X+
                 	LD   R27,X
                 	MOV  R26,R0
                 	SUBI R26,LOW(-@1)
                 	SBCI R27,HIGH(-@1)
                 	ST   X,R30
                 	.ENDM
                 
                 	.MACRO __PUTW1SNX
                 	MOVW R26,R28
                 	SUBI R26,LOW(-@0)
                 	SBCI R27,HIGH(-@0)
                 	LD   R0,X+
                 	LD   R27,X
                 	MOV  R26,R0
                 	SUBI R26,LOW(-@1)
                 	SBCI R27,HIGH(-@1)
                 	ST   X+,R30
                 	ST   X,R31
                 	.ENDM
                 
                 	.MACRO __PUTD1SNX
                 	MOVW R26,R28
                 	SUBI R26,LOW(-@0)
                 	SBCI R27,HIGH(-@0)
                 	LD   R0,X+
                 	LD   R27,X
                 	MOV  R26,R0
                 	SUBI R26,LOW(-@1)
                 	SBCI R27,HIGH(-@1)
                 	ST   X+,R30
                 	ST   X+,R31
                 	ST   X+,R22
                 	ST   X,R23
                 	.ENDM
                 
                 	.MACRO __MULBRR
                 	MULS R@0,R@1
                 	MOVW R30,R0
                 	.ENDM
                 
                 	.MACRO __MULBRRU
                 	MUL  R@0,R@1
                 	MOVW R30,R0
                 	.ENDM
                 
                 	.MACRO __MULBRR0
                 	MULS R@0,R@1
                 	.ENDM
                 
                 	.MACRO __MULBRRU0
                 	MUL  R@0,R@1
                 	.ENDM
                 
                 	.MACRO __MULBNWRU
                 	LDI  R26,@2
                 	MUL  R26,R@0
                 	MOVW R30,R0
                 	MUL  R26,R@1
                 	ADD  R31,R0
                 	.ENDM
                 
                 	.CSEG
                 	.ORG 0x00
                 
                 ;INTERRUPT VECTORS
000000 c103      	RJMP __RESET
000001 cffe      	RJMP 0x00
000002 cffd      	RJMP 0x00
000003 cffc      	RJMP 0x00
000004 cffb      	RJMP 0x00
000005 cffa      	RJMP 0x00
000006 cff9      	RJMP 0x00
000007 cff8      	RJMP 0x00
000008 cff7      	RJMP 0x00
000009 cff6      	RJMP 0x00
00000a cff5      	RJMP 0x00
00000b cff4      	RJMP 0x00
00000c cff3      	RJMP 0x00
00000d cff2      	RJMP 0x00
00000e cff1      	RJMP 0x00
00000f cff0      	RJMP 0x00
000010 cfef      	RJMP 0x00
000011 cfee      	RJMP 0x00
000012 cfed      	RJMP 0x00
                 
                 _smallFont:
000013 0000
000014 0000
000015 0000
000016 2f00      	.DB  0x0,0x0,0x0,0x0,0x0,0x0,0x0,0x2F
000017 0000
000018 0700
000019 0700
00001a 1400      	.DB  0x0,0x0,0x0,0x7,0x0,0x7,0x0,0x14
00001b 147f
00001c 147f
00001d 2a24
00001e 2a7f      	.DB  0x7F,0x14,0x7F,0x14,0x24,0x2A,0x7F,0x2A
00001f c412
000020 10c8
000021 4626
000022 4936      	.DB  0x12,0xC4,0xC8,0x10,0x26,0x46,0x36,0x49
000023 2255
000024 0050
000025 0305
000026 0000      	.DB  0x55,0x22,0x50,0x0,0x5,0x3,0x0,0x0
000027 1c00
000028 4122
000029 0000
00002a 2241      	.DB  0x0,0x1C,0x22,0x41,0x0,0x0,0x41,0x22
00002b 001c
00002c 0814
00002d 083e
00002e 0814      	.DB  0x1C,0x0,0x14,0x8,0x3E,0x8,0x14,0x8
00002f 3e08
000030 0808
000031 0000
000032 3050      	.DB  0x8,0x3E,0x8,0x8,0x0,0x0,0x50,0x30
000033 1000
000034 1010
000035 1010
000036 6000      	.DB  0x0,0x10,0x10,0x10,0x10,0x10,0x0,0x60
000037 0060
000038 2000
000039 0810
00003a 0204      	.DB  0x60,0x0,0x0,0x20,0x10,0x8,0x4,0x2
00003b 513e
00003c 4549
00003d 003e
00003e 7f42      	.DB  0x3E,0x51,0x49,0x45,0x3E,0x0,0x42,0x7F
00003f 0040
000040 6142
000041 4951
000042 2146      	.DB  0x40,0x0,0x42,0x61,0x51,0x49,0x46,0x21
000043 4541
000044 314b
000045 1418
000046 7f12      	.DB  0x41,0x45,0x4B,0x31,0x18,0x14,0x12,0x7F
000047 2710
000048 4545
000049 3945
00004a 4a3c      	.DB  0x10,0x27,0x45,0x45,0x45,0x39,0x3C,0x4A
00004b 4949
00004c 0130
00004d 0971
00004e 0305      	.DB  0x49,0x49,0x30,0x1,0x71,0x9,0x5,0x3
00004f 4936
000050 4949
000051 0636
000052 4949      	.DB  0x36,0x49,0x49,0x49,0x36,0x6,0x49,0x49
000053 1e29
000054 3600
000055 0036
000056 0000      	.DB  0x29,0x1E,0x0,0x36,0x36,0x0,0x0,0x0
000057 3656
000058 0000
000059 1408
00005a 4122      	.DB  0x56,0x36,0x0,0x0,0x8,0x14,0x22,0x41
00005b 1400
00005c 1414
00005d 1414
00005e 4100      	.DB  0x0,0x14,0x14,0x14,0x14,0x14,0x0,0x41
00005f 1422
000060 0208
000061 5101
000062 0609      	.DB  0x22,0x14,0x8,0x2,0x1,0x51,0x9,0x6
000063 4932
000064 5159
000065 7e3e
000066 1111      	.DB  0x32,0x49,0x59,0x51,0x3E,0x7E,0x11,0x11
000067 7e11
000068 497f
000069 4949
00006a 3e36      	.DB  0x11,0x7E,0x7F,0x49,0x49,0x49,0x36,0x3E
00006b 4141
00006c 2241
00006d 417f
00006e 2241      	.DB  0x41,0x41,0x41,0x22,0x7F,0x41,0x41,0x22
00006f 7f1c
000070 4949
000071 4149
000072 097f      	.DB  0x1C,0x7F,0x49,0x49,0x49,0x41,0x7F,0x9
000073 0909
000074 3e01
000075 4941
000076 7a49      	.DB  0x9,0x9,0x1,0x3E,0x41,0x49,0x49,0x7A
000077 087f
000078 0808
000079 007f
00007a 7f41      	.DB  0x7F,0x8,0x8,0x8,0x7F,0x0,0x41,0x7F
00007b 0041
00007c 4020
00007d 3f41
00007e 7f01      	.DB  0x41,0x0,0x20,0x40,0x41,0x3F,0x1,0x7F
00007f 1408
000080 4122
000081 407f
000082 4040      	.DB  0x8,0x14,0x22,0x41,0x7F,0x40,0x40,0x40
000083 7f40
000084 0c02
000085 7f02
000086 047f      	.DB  0x40,0x7F,0x2,0xC,0x2,0x7F,0x7F,0x4
000087 1008
000088 3e7f
000089 4141
00008a 3e41      	.DB  0x8,0x10,0x7F,0x3E,0x41,0x41,0x41,0x3E
00008b 097f
00008c 0909
00008d 3e06
00008e 5141      	.DB  0x7F,0x9,0x9,0x9,0x6,0x3E,0x41,0x51
00008f 5e21
000090 097f
000091 2919
000092 4646      	.DB  0x21,0x5E,0x7F,0x9,0x19,0x29,0x46,0x46
000093 4949
000094 3149
000095 0101
000096 017f      	.DB  0x49,0x49,0x49,0x31,0x1,0x1,0x7F,0x1
000097 3f01
000098 4040
000099 3f40
00009a 201f      	.DB  0x1,0x3F,0x40,0x40,0x40,0x3F,0x1F,0x20
00009b 2040
00009c 3f1f
00009d 3840
00009e 3f40      	.DB  0x40,0x20,0x1F,0x3F,0x40,0x38,0x40,0x3F
00009f 1463
0000a0 1408
0000a1 0763
0000a2 7008      	.DB  0x63,0x14,0x8,0x14,0x63,0x7,0x8,0x70
0000a3 0708
0000a4 5161
0000a5 4549
0000a6 0043      	.DB  0x8,0x7,0x61,0x51,0x49,0x45,0x43,0x0
0000a7 417f
0000a8 0041
0000a9 2a55
0000aa 2a55      	.DB  0x7F,0x41,0x41,0x0,0x55,0x2A,0x55,0x2A
0000ab 0055
0000ac 4141
0000ad 007f
0000ae 0204      	.DB  0x55,0x0,0x41,0x41,0x7F,0x0,0x4,0x2
0000af 0201
0000b0 4004
0000b1 4040
0000b2 4040      	.DB  0x1,0x2,0x4,0x40,0x40,0x40,0x40,0x40
0000b3 0100
0000b4 0402
0000b5 2000
0000b6 5454      	.DB  0x0,0x1,0x2,0x4,0x0,0x20,0x54,0x54
0000b7 7854
0000b8 487f
0000b9 4444
0000ba 3838      	.DB  0x54,0x78,0x7F,0x48,0x44,0x44,0x38,0x38
0000bb 4444
0000bc 2044
0000bd 4438
0000be 4844      	.DB  0x44,0x44,0x44,0x20,0x38,0x44,0x44,0x48
0000bf 387f
0000c0 5454
0000c1 1854
0000c2 7e08      	.DB  0x7F,0x38,0x54,0x54,0x54,0x18,0x8,0x7E
0000c3 0109
0000c4 0c02
0000c5 5252
0000c6 3e52      	.DB  0x9,0x1,0x2,0xC,0x52,0x52,0x52,0x3E
0000c7 087f
0000c8 0404
0000c9 0078
0000ca 7d44      	.DB  0x7F,0x8,0x4,0x4,0x78,0x0,0x44,0x7D
0000cb 0040
0000cc 4020
0000cd 3d44
0000ce 7f00      	.DB  0x40,0x0,0x20,0x40,0x44,0x3D,0x0,0x7F
0000cf 2810
0000d0 0044
0000d1 4100
0000d2 407f      	.DB  0x10,0x28,0x44,0x0,0x0,0x41,0x7F,0x40
0000d3 7c00
0000d4 1804
0000d5 7804
0000d6 087c      	.DB  0x0,0x7C,0x4,0x18,0x4,0x78,0x7C,0x8
0000d7 0404
0000d8 3878
0000d9 4444
0000da 3844      	.DB  0x4,0x4,0x78,0x38,0x44,0x44,0x44,0x38
0000db 147c
0000dc 1414
0000dd 0808
0000de 1414      	.DB  0x7C,0x14,0x14,0x14,0x8,0x8,0x14,0x14
0000df 7c18
0000e0 087c
0000e1 0404
0000e2 4808      	.DB  0x18,0x7C,0x7C,0x8,0x4,0x4,0x8,0x48
0000e3 5454
0000e4 2054
0000e5 3f04
0000e6 4044      	.DB  0x54,0x54,0x54,0x20,0x4,0x3F,0x44,0x40
0000e7 3c20
0000e8 4040
0000e9 7c20
0000ea 201c      	.DB  0x20,0x3C,0x40,0x40,0x20,0x7C,0x1C,0x20
0000eb 2040
0000ec 3c1c
0000ed 3040
0000ee 3c40      	.DB  0x40,0x20,0x1C,0x3C,0x40,0x30,0x40,0x3C
0000ef 2844
0000f0 2810
0000f1 0c44
0000f2 5050      	.DB  0x44,0x28,0x10,0x28,0x44,0xC,0x50,0x50
0000f3 3c50
0000f4 6444
0000f5 4c54
0000f6 0044      	.DB  0x50,0x3C,0x44,0x64,0x54,0x4C,0x44,0x0
0000f7 0906
0000f8 0609      	.DB  0x6,0x9,0x9,0x6
                 
                 _0x20000:
0000f9 3333
0000fa 3031
0000fb 4c5f
0000fc 4443      	.DB  0x33,0x33,0x31,0x30,0x5F,0x4C,0x43,0x44
0000fd 6200
0000fe 2079
0000ff 4844
000100 5241      	.DB  0x0,0x62,0x79,0x20,0x44,0x48,0x41,0x52
000101 414d
000102 494e
C:\Documents and Settings\CC Dharmani\Desktop\3310LCD_CV\List\3310_LCD.asm(1102): warning: .cseg .db misalignment - padding zero byte
000103 0000      	.DB  0x4D,0x41,0x4E,0x49,0x0
                 __RESET:
000104 94f8      	CLI
000105 27ee      	CLR  R30
000106 bbec      	OUT  EECR,R30
                 
                 ;INTERRUPT VECTORS ARE PLACED
                 ;AT THE START OF FLASH
000107 e0f1      	LDI  R31,1
000108 bffb      	OUT  GICR,R31
000109 bfeb      	OUT  GICR,R30
00010a bfe5      	OUT  MCUCR,R30
                 
                 ;DISABLE WATCHDOG
00010b e1f8      	LDI  R31,0x18
00010c bdf1      	OUT  WDTCR,R31
00010d bde1      	OUT  WDTCR,R30
                 
                 ;CLEAR R2-R14
00010e e08d      	LDI  R24,(14-2)+1
00010f e0a2      	LDI  R26,2
000110 27bb      	CLR  R27
                 __CLEAR_REG:
000111 93ed      	ST   X+,R30
000112 958a      	DEC  R24
000113 f7e9      	BRNE __CLEAR_REG
                 
                 ;CLEAR SRAM
000114 e080      	LDI  R24,LOW(0x400)
000115 e094      	LDI  R25,HIGH(0x400)
000116 e6a0      	LDI  R26,0x60
                 __CLEAR_SRAM:
000117 93ed      	ST   X+,R30
000118 9701      	SBIW R24,1
000119 f7e9      	BRNE __CLEAR_SRAM
                 
                 ;STACK POINTER INITIALIZATION
00011a e5ef      	LDI  R30,LOW(0x45F)
00011b bfed      	OUT  SPL,R30
00011c e0e4      	LDI  R30,HIGH(0x45F)
00011d bfee      	OUT  SPH,R30
                 
                 ;DATA STACK POINTER INITIALIZATION
00011e e6c0      	LDI  R28,LOW(0x160)
00011f e0d1      	LDI  R29,HIGH(0x160)
                 
000120 c0b5      	RJMP _main
                 
                 	.ESEG
                 	.ORG 0
                 
                 	.DSEG
                 	.ORG 0x160
                 
                 	.CSEG
                 ;//********************************************************
                 ;//**** Functions for Interfacing NOKIA 3310 Display *****
                 ;//********************************************************
                 ;//Controller:	ATmega32 (Clock: 1 Mhz-internal)
                 ;//Compiler:		ImageCraft ICCAVR
                 ;//Author:		CC Dharmani, Chennai (India)
                 ;//Date:			Sep 2008
                 ;//********************************************************
                 ;
                 ;#include <mega8.h>
                 	#ifndef __SLEEP_DEFINED__
                 	#define __SLEEP_DEFINED__
                 	.EQU __se_bit=0x80
                 	.EQU __sm_mask=0x70
                 	.EQU __sm_powerdown=0x20
                 	.EQU __sm_powersave=0x30
                 	.EQU __sm_standby=0x60
                 	.EQU __sm_ext_standby=0x70
                 	.EQU __sm_adc_noise_red=0x10
                 	.SET power_ctrl_reg=mcucr
                 	#endif
                 ;#include <delay.h>
                 ;
                 ;#include "3310_routines.h"
                 ;
                 ;/*--------------------------------------------------------------------------------------------------
                 ;                                     5x7 size character generator
                 ;--------------------------------------------------------------------------------------------------*/
                 ;flash unsigned char smallFont[] =
                 ;{
                 ;     0x00, 0x00, 0x00, 0x00, 0x00,   // sp
                 ;     0x00, 0x00, 0x2f, 0x00, 0x00,    // !
                 ;     0x00, 0x07, 0x00, 0x07, 0x00,   // "
                 ;     0x14, 0x7f, 0x14, 0x7f, 0x14,   // #
                 ;     0x24, 0x2a, 0x7f, 0x2a, 0x12,   // $
                 ;     0xc4, 0xc8, 0x10, 0x26, 0x46,   // %
                 ;     0x36, 0x49, 0x55, 0x22, 0x50,   // &
                 ;     0x00, 0x05, 0x03, 0x00, 0x00,   // '
                 ;     0x00, 0x1c, 0x22, 0x41, 0x00,   // (
                 ;     0x00, 0x41, 0x22, 0x1c, 0x00,   // )
                 ;     0x14, 0x08, 0x3E, 0x08, 0x14,   // *
                 ;     0x08, 0x08, 0x3E, 0x08, 0x08,   // +
                 ;     0x00, 0x00, 0x50, 0x30, 0x00,   // ,
                 ;     0x10, 0x10, 0x10, 0x10, 0x10,   // -
                 ;     0x00, 0x60, 0x60, 0x00, 0x00,   // .
                 ;     0x20, 0x10, 0x08, 0x04, 0x02,   // /
                 ;     0x3E, 0x51, 0x49, 0x45, 0x3E,   // 0
                 ;     0x00, 0x42, 0x7F, 0x40, 0x00,   // 1
                 ;     0x42, 0x61, 0x51, 0x49, 0x46,   // 2
                 ;     0x21, 0x41, 0x45, 0x4B, 0x31,   // 3
                 ;     0x18, 0x14, 0x12, 0x7F, 0x10,   // 4
                 ;     0x27, 0x45, 0x45, 0x45, 0x39,   // 5
                 ;     0x3C, 0x4A, 0x49, 0x49, 0x30,   // 6
                 ;     0x01, 0x71, 0x09, 0x05, 0x03,   // 7
                 ;     0x36, 0x49, 0x49, 0x49, 0x36,   // 8
                 ;     0x06, 0x49, 0x49, 0x29, 0x1E,   // 9
                 ;     0x00, 0x36, 0x36, 0x00, 0x00,   // :
                 ;     0x00, 0x56, 0x36, 0x00, 0x00,   // ;
                 ;     0x08, 0x14, 0x22, 0x41, 0x00,   // <
                 ;     0x14, 0x14, 0x14, 0x14, 0x14,   // =
                 ;     0x00, 0x41, 0x22, 0x14, 0x08,   // >
                 ;     0x02, 0x01, 0x51, 0x09, 0x06,   // ?
                 ;     0x32, 0x49, 0x59, 0x51, 0x3E,   // @
                 ;     0x7E, 0x11, 0x11, 0x11, 0x7E,   // A
                 ;     0x7F, 0x49, 0x49, 0x49, 0x36,   // B
                 ;     0x3E, 0x41, 0x41, 0x41, 0x22,   // C
                 ;     0x7F, 0x41, 0x41, 0x22, 0x1C,   // D
                 ;     0x7F, 0x49, 0x49, 0x49, 0x41,   // E
                 ;     0x7F, 0x09, 0x09, 0x09, 0x01,   // F
                 ;     0x3E, 0x41, 0x49, 0x49, 0x7A,   // G
                 ;     0x7F, 0x08, 0x08, 0x08, 0x7F,   // H
                 ;     0x00, 0x41, 0x7F, 0x41, 0x00,   // I
                 ;     0x20, 0x40, 0x41, 0x3F, 0x01,   // J
                 ;     0x7F, 0x08, 0x14, 0x22, 0x41,   // K
                 ;     0x7F, 0x40, 0x40, 0x40, 0x40,   // L
                 ;     0x7F, 0x02, 0x0C, 0x02, 0x7F,   // M
                 ;     0x7F, 0x04, 0x08, 0x10, 0x7F,   // N
                 ;     0x3E, 0x41, 0x41, 0x41, 0x3E,   // O
                 ;     0x7F, 0x09, 0x09, 0x09, 0x06,   // P
                 ;     0x3E, 0x41, 0x51, 0x21, 0x5E,   // Q
                 ;     0x7F, 0x09, 0x19, 0x29, 0x46,   // R
                 ;     0x46, 0x49, 0x49, 0x49, 0x31,   // S
                 ;     0x01, 0x01, 0x7F, 0x01, 0x01,   // T
                 ;     0x3F, 0x40, 0x40, 0x40, 0x3F,   // U
                 ;     0x1F, 0x20, 0x40, 0x20, 0x1F,   // V
                 ;     0x3F, 0x40, 0x38, 0x40, 0x3F,   // W
                 ;     0x63, 0x14, 0x08, 0x14, 0x63,   // X
                 ;     0x07, 0x08, 0x70, 0x08, 0x07,   // Y
                 ;     0x61, 0x51, 0x49, 0x45, 0x43,   // Z
                 ;     0x00, 0x7F, 0x41, 0x41, 0x00,   // [
                 ;     0x55, 0x2A, 0x55, 0x2A, 0x55,   // 55
                 ;     0x00, 0x41, 0x41, 0x7F, 0x00,   // ]
                 ;     0x04, 0x02, 0x01, 0x02, 0x04,   // ^
                 ;     0x40, 0x40, 0x40, 0x40, 0x40,   // _
                 ;     0x00, 0x01, 0x02, 0x04, 0x00,   // '
                 ;     0x20, 0x54, 0x54, 0x54, 0x78,   // a
                 ;     0x7F, 0x48, 0x44, 0x44, 0x38,    // b
                 ;     0x38, 0x44, 0x44, 0x44, 0x20,   // c
                 ;     0x38, 0x44, 0x44, 0x48, 0x7F,   // d
                 ;     0x38, 0x54, 0x54, 0x54, 0x18,   // e
                 ;     0x08, 0x7E, 0x09, 0x01, 0x02,   // f
                 ;     0x0C, 0x52, 0x52, 0x52, 0x3E,   // g
                 ;     0x7F, 0x08, 0x04, 0x04, 0x78,   // h
                 ;     0x00, 0x44, 0x7D, 0x40, 0x00,   // i
                 ;     0x20, 0x40, 0x44, 0x3D, 0x00,   // j
                 ;     0x7F, 0x10, 0x28, 0x44, 0x00,   // k
                 ;     0x00, 0x41, 0x7F, 0x40, 0x00,   // l
                 ;     0x7C, 0x04, 0x18, 0x04, 0x78,   // m
                 ;     0x7C, 0x08, 0x04, 0x04, 0x78,   // n
                 ;     0x38, 0x44, 0x44, 0x44, 0x38,   // o
                 ;     0x7C, 0x14, 0x14, 0x14, 0x08,   // p
                 ;     0x08, 0x14, 0x14, 0x18, 0x7C,   // q
                 ;     0x7C, 0x08, 0x04, 0x04, 0x08,   // r
                 ;     0x48, 0x54, 0x54, 0x54, 0x20,   // s
                 ;     0x04, 0x3F, 0x44, 0x40, 0x20,   // t
                 ;     0x3C, 0x40, 0x40, 0x20, 0x7C,   // u
                 ;     0x1C, 0x20, 0x40, 0x20, 0x1C,   // v
                 ;     0x3C, 0x40, 0x30, 0x40, 0x3C,   // w
                 ;     0x44, 0x28, 0x10, 0x28, 0x44,   // x
                 ;     0x0C, 0x50, 0x50, 0x50, 0x3C,   // y
                 ;     0x44, 0x64, 0x54, 0x4C, 0x44,   // z
                 ;	 0x00, 0x06, 0x09, 0x09, 0x06    // º
                 ;};
                 ;
                 ;/*--------------------------------------------------------------------------------------------------
                 ;  Name         :  LCD_init
                 ;  Description  :  LCD controller initialization.
                 ;  Argument(s)  :  None.
                 ;  Return value :  None.
                 ;--------------------------------------------------------------------------------------------------*/
                 ;void LCD_init ( void )
                 ; 0000 0079 {
                 
                 	.CSEG
                 _LCD_init:
                 ; 0000 007A 
                 ; 0000 007B 	delay_ms(100);
000121 d0d6      	RCALL SUBOPT_0x0
                 ; 0000 007C 
                 ; 0000 007D 	CLEAR_SCE_PIN;    //Enable LCD
000122 98c2      	CBI  0x18,2
                 ; 0000 007E 
                 ; 0000 007F 	CLEAR_RST_PIN;	//reset LCD
000123 9ac4      	SBI  0x18,4
                 ; 0000 0080     delay_ms(100);
000124 d0d3      	RCALL SUBOPT_0x0
                 ; 0000 0081     SET_RST_PIN;
000125 9ac4      	SBI  0x18,4
                 ; 0000 0082 
                 ; 0000 0083 	SET_SCE_PIN;	//disable LCD
000126 9ac2      	SBI  0x18,2
                 ; 0000 0084 
                 ; 0000 0085     LCD_writeCommand( 0x21 );  // LCD Extended Commands.
000127 e2e1      	LDI  R30,LOW(33)
000128 d0d4      	RCALL SUBOPT_0x1
                 ; 0000 0086     LCD_writeCommand( 0xE0 );  // Set LCD Vop (Contrast).
000129 eee0      	LDI  R30,LOW(224)
00012a d0d2      	RCALL SUBOPT_0x1
                 ; 0000 0087     LCD_writeCommand( 0x04 );  // Set Temp coefficent.
00012b e0e4      	LDI  R30,LOW(4)
00012c d0d0      	RCALL SUBOPT_0x1
                 ; 0000 0088     LCD_writeCommand( 0x13 );  // LCD bias mode 1:48.
00012d e1e3      	LDI  R30,LOW(19)
00012e d0ce      	RCALL SUBOPT_0x1
                 ; 0000 0089     LCD_writeCommand( 0x20 );  // LCD Standard Commands, Horizontal addressing mode.
00012f e2e0      	LDI  R30,LOW(32)
000130 d0cc      	RCALL SUBOPT_0x1
                 ; 0000 008A     LCD_writeCommand( 0x0c );  // LCD in normal mode.
000131 e0ec      	LDI  R30,LOW(12)
000132 d0ca      	RCALL SUBOPT_0x1
                 ; 0000 008B 
                 ; 0000 008C     LCD_clear();
000133 d011      	RCALL _LCD_clear
                 ; 0000 008D }
000134 9508      	RET
                 ;
                 ;/*--------------------------------------------------------------------------------------------------
                 ;  Name         :  LCD_writeCommand
                 ;  Description  :  Sends command to display controller.
                 ;  Argument(s)  :  command -> command to be sent
                 ;  Return value :  None.
                 ;--------------------------------------------------------------------------------------------------*/
                 ;void LCD_writeCommand ( unsigned char command )
                 ; 0000 0096 {
                 _LCD_writeCommand:
                 ; 0000 0097     CLEAR_SCE_PIN;	  //enable LCD
                 ;	command -> Y+0
000135 98c2      	CBI  0x18,2
                 ; 0000 0098 
                 ; 0000 0099 	CLEAR_DC_PIN;	  //set LCD in command mode
000136 98c0      	CBI  0x18,0
                 ; 0000 009A 
                 ; 0000 009B     //  Send data to display controller.
                 ; 0000 009C     SPDR = command;
000137 81e8      	LD   R30,Y
000138 b9ef      	OUT  0xF,R30
                 ; 0000 009D 
                 ; 0000 009E     //  Wait until Tx register empty.
                 ; 0000 009F     while ( !(SPSR & 0x80) );
                 _0x3:
000139 9b77      	SBIS 0xE,7
00013a cffe      	RJMP _0x3
                 ; 0000 00A0 
                 ; 0000 00A1     SET_SCE_PIN;   	 //disable LCD
00013b c006      	RJMP _0x2000002
                 ; 0000 00A2 }
                 ;
                 ;/*--------------------------------------------------------------------------------------------------
                 ;  Name         :  LCD_writeData
                 ;  Description  :  Sends Data to display controller.
                 ;  Argument(s)  :  Data -> Data to be sent
                 ;  Return value :  None.
                 ;--------------------------------------------------------------------------------------------------*/
                 ;void LCD_writeData ( unsigned char Data )
                 ; 0000 00AB {
                 _LCD_writeData:
                 ; 0000 00AC     CLEAR_SCE_PIN;	  //enable LCD
                 ;	Data -> Y+0
00013c 98c2      	CBI  0x18,2
                 ; 0000 00AD 
                 ; 0000 00AE 	SET_DC_PIN;	  //set LCD in Data mode
00013d 9ac0      	SBI  0x18,0
                 ; 0000 00AF 
                 ; 0000 00B0     //  Send data to display controller.
                 ; 0000 00B1     SPDR = Data;
00013e 81e8      	LD   R30,Y
00013f b9ef      	OUT  0xF,R30
                 ; 0000 00B2 
                 ; 0000 00B3     //  Wait until Tx register empty.
                 ; 0000 00B4     while ( !(SPSR & 0x80) );
                 _0x6:
000140 9b77      	SBIS 0xE,7
000141 cffe      	RJMP _0x6
                 ; 0000 00B5 
                 ; 0000 00B6     SET_SCE_PIN;   	 //disable LCD
                 _0x2000002:
000142 9ac2      	SBI  0x18,2
                 ; 0000 00B7 }
000143 9621      	ADIW R28,1
000144 9508      	RET
                 ;
                 ;/*--------------------------------------------------------------------------------------------------
                 ;  Name         :  LCD_clear
                 ;  Description  :  Clears the display
                 ;  Argument(s)  :  None.
                 ;  Return value :  None.
                 ;--------------------------------------------------------------------------------------------------*/
                 ;void LCD_clear ( void )
                 ; 0000 00C0 {
                 _LCD_clear:
                 ; 0000 00C1     int i,j;
                 ; 0000 00C2 
                 ; 0000 00C3 	LCD_gotoXY (0,0);  	//start with (0,0) position
000145 d0c8      	RCALL __SAVELOCR4
                 ;	i -> R16,R17
                 ;	j -> R18,R19
000146 d0b8      	RCALL SUBOPT_0x2
000147 d0b7      	RCALL SUBOPT_0x2
000148 d01a      	RCALL _LCD_gotoXY
                 ; 0000 00C4 
                 ; 0000 00C5     for(i=0; i<8; i++)
                +
000149 e000     +LDI R16 , LOW ( 0 )
00014a e010     +LDI R17 , HIGH ( 0 )
                 	__GETWRN 16,17,0
                 _0xA:
                +
00014b 3008     +CPI R16 , LOW ( 8 )
00014c e0e0     +LDI R30 , HIGH ( 8 )
00014d 071e     +CPC R17 , R30
                 	__CPWRN 16,17,8
00014e f474      	BRGE _0xB
                 ; 0000 00C6 	  for(j=0; j<90; j++)
                +
00014f e020     +LDI R18 , LOW ( 0 )
000150 e030     +LDI R19 , HIGH ( 0 )
                 	__GETWRN 18,19,0
                 _0xD:
                +
000151 352a     +CPI R18 , LOW ( 90 )
000152 e0e0     +LDI R30 , HIGH ( 90 )
000153 073e     +CPC R19 , R30
                 	__CPWRN 18,19,90
000154 f42c      	BRGE _0xE
                 ; 0000 00C7 	     LCD_writeData( 0x00 );
000155 d0a9      	RCALL SUBOPT_0x2
000156 dfe5      	RCALL _LCD_writeData
                +
000157 5f2f     +SUBI R18 , LOW ( - 1 )
000158 4f3f     +SBCI R19 , HIGH ( - 1 )
                 	__ADDWRN 18,19,1
000159 cff7      	RJMP _0xD
                 _0xE:
                 ; 0000 00C9 LCD_gotoXY (0,0);
                +
00015a 5f0f     +SUBI R16 , LOW ( - 1 )
00015b 4f1f     +SBCI R17 , HIGH ( - 1 )
                 	__ADDWRN 16,17,1
00015c cfee      	RJMP _0xA
                 _0xB:
00015d d0a1      	RCALL SUBOPT_0x2
00015e d0a0      	RCALL SUBOPT_0x2
00015f d003      	RCALL _LCD_gotoXY
                 ; 0000 00CA    // LcdSend( 0x40, LCD_CMD );
                 ; 0000 00CB    // LcdSend( 0x80, LCD_CMD );
                 ; 0000 00CC 
                 ; 0000 00CD }
000160 d0b2      	RCALL __LOADLOCR4
000161 9624      	ADIW R28,4
000162 9508      	RET
                 ;
                 ;/*--------------------------------------------------------------------------------------------------
                 ;  Name         :  LCD_gotoXY
                 ;  Description  :  Sets cursor location to xy location corresponding to basic font size.
                 ;  Argument(s)  :  x - range: 0 to 84
                 ;  			   	  y -> range: 0 to 5
                 ;  Return value :  None.
                 ;--------------------------------------------------------------------------------------------------*/
                 ;void LCD_gotoXY ( unsigned char x, unsigned char y )
                 ; 0000 00D7 {
                 _LCD_gotoXY:
                 ; 0000 00D8     LCD_writeCommand (0x80 | x);   //column
                 ;	x -> Y+1
                 ;	y -> Y+0
000163 81e9      	LDD  R30,Y+1
000164 68e0      	ORI  R30,0x80
000165 d097      	RCALL SUBOPT_0x1
                 ; 0000 00D9 	LCD_writeCommand (0x40 | y);   //row
000166 81e8      	LD   R30,Y
000167 64e0      	ORI  R30,0x40
000168 d094      	RCALL SUBOPT_0x1
                 ; 0000 00DA }
000169 c02a      	RJMP _0x2000001
                 ;
                 ;/*--------------------------------------------------------------------------------------------------
                 ;  Name         :  LCD_writeChar
                 ;  Description  :  Displays a character at current cursor location and increment cursor location.
                 ;  Argument(s)  :  ch   -> Character to write.
                 ;  Return value :  None.
                 ;--------------------------------------------------------------------------------------------------*/
                 ;void LCD_writeChar ( unsigned char ch)
                 ; 0000 00E3 {
                 _LCD_writeChar:
                 ; 0000 00E4    unsigned char j;
                 ; 0000 00E5 
                 ; 0000 00E6    LCD_writeData(0x00);
00016a 931a      	ST   -Y,R17
                 ;	ch -> Y+1
                 ;	j -> R17
00016b d093      	RCALL SUBOPT_0x2
00016c dfcf      	RCALL _LCD_writeData
                 ; 0000 00E7 
                 ; 0000 00E8    for(j=0; j<5; j++)
00016d e010      	LDI  R17,LOW(0)
                 _0x10:
00016e 3015      	CPI  R17,5
00016f f488      	BRSH _0x11
                 ; 0000 00E9      LCD_writeData( smallFont [(unsigned int)(ch-32)*5 + j] );
000170 81e9      	LDD  R30,Y+1
000171 52e0      	SUBI R30,LOW(32)
000172 e0a5      	LDI  R26,LOW(5)
000173 9fea      	MUL  R30,R26
000174 01f0      	MOVW R30,R0
000175 01df      	MOVW R26,R30
000176 2fe1      	MOV  R30,R17
000177 e0f0      	LDI  R31,0
000178 0fea      	ADD  R30,R26
000179 1ffb      	ADC  R31,R27
00017a 5dea      	SUBI R30,LOW(-_smallFont*2)
00017b 4fff      	SBCI R31,HIGH(-_smallFont*2)
00017c 91e4      	LPM  R30,Z
00017d 93ea      	ST   -Y,R30
00017e dfbd      	RCALL _LCD_writeData
00017f 5f1f      	SUBI R17,-1
000180 cfed      	RJMP _0x10
                 _0x11:
                 ; 0000 00EB LCD_writeData( 0x00 );
000181 d07d      	RCALL SUBOPT_0x2
000182 dfb9      	RCALL _LCD_writeData
                 ; 0000 00EC }
000183 8118      	LDD  R17,Y+0
000184 c00f      	RJMP _0x2000001
                 ;
                 ;/*--------------------------------------------------------------------------------------------------
                 ;  Name         :  LCD_writeString_F
                 ;  Description  :  Displays a character at current cursor location
                 ;  Argument(s)  :  string -> Pointer to ASCII string (stored in FLASH)
                 ;  Return value :  None.
                 ;--------------------------------------------------------------------------------------------------*/
                 ;void LCD_writeString_F ( flash unsigned char *string )
                 ; 0000 00F5 {
                 _LCD_writeString_F:
                 ; 0000 00F6     while ( *string )
                 ;	*string -> Y+0
                 _0x12:
000185 81e8      	LD   R30,Y
000186 81f9      	LDD  R31,Y+1
000187 91e4      	LPM  R30,Z
000188 30e0      	CPI  R30,0
000189 f051      	BREQ _0x14
                 ; 0000 00F7         LCD_writeChar( *string++ );
00018a 81e8      	LD   R30,Y
00018b 81f9      	LDD  R31,Y+1
00018c 9631      	ADIW R30,1
00018d 83e8      	ST   Y,R30
00018e 83f9      	STD  Y+1,R31
00018f 9731      	SBIW R30,1
000190 91e4      	LPM  R30,Z
000191 93ea      	ST   -Y,R30
000192 dfd7      	RCALL _LCD_writeChar
000193 cff1      	RJMP _0x12
                 _0x14:
                 ; 0000 00F8 }
                 _0x2000001:
000194 9622      	ADIW R28,2
000195 9508      	RET
                 ;
                 ;/*--------------------------------------------------------------------------------------------------
                 ;  Name         :  LCD_drawBorder
                 ;  Description  :  Draws rectangle border on the display
                 ;  Argument(s)  :  None
                 ;  Return value :  None
                 ;--------------------------------------------------------------------------------------------------*/
                 ;void LCD_drawBorder (void )
                 ; 0000 0101 {
                 _LCD_drawBorder:
                 ; 0000 0102   unsigned char i, j;
                 ; 0000 0103 
                 ; 0000 0104   for(i=0; i<7; i++)
000196 d079      	RCALL __SAVELOCR2
                 ;	i -> R17
                 ;	j -> R16
000197 e010      	LDI  R17,LOW(0)
                 _0x16:
000198 3017      	CPI  R17,7
000199 f4d8      	BRSH _0x17
                 ; 0000 0105   {
                 ; 0000 0106     LCD_gotoXY (0,i);
00019a d064      	RCALL SUBOPT_0x2
00019b 931a      	ST   -Y,R17
00019c dfc6      	RCALL _LCD_gotoXY
                 ; 0000 0107 
                 ; 0000 0108 	for(j=0; j<84; j++)
00019d e000      	LDI  R16,LOW(0)
                 _0x19:
00019e 3504      	CPI  R16,84
00019f f498      	BRSH _0x1A
                 ; 0000 0109 	{
                 ; 0000 010A 	  if(j == 0 || j == 83)
0001a0 3000      	CPI  R16,0
0001a1 f011      	BREQ _0x1C
0001a2 3503      	CPI  R16,83
0001a3 f411      	BRNE _0x1B
                 _0x1C:
                 ; 0000 010B 		LCD_writeData (0xff);		// first and last column solid fill to make line
0001a4 efef      	LDI  R30,LOW(255)
0001a5 c009      	RJMP _0x23
                 ; 0000 010C 	  else if(i == 0)
                 _0x1B:
0001a6 3010      	CPI  R17,0
0001a7 f411      	BRNE _0x1F
                 ; 0000 010D 	    LCD_writeData (0x08);		// row 0 is having only 5 bits (not 8)
0001a8 e0e8      	LDI  R30,LOW(8)
0001a9 c005      	RJMP _0x23
                 ; 0000 010E 	  else if(i == 6)
                 _0x1F:
0001aa 3016      	CPI  R17,6
0001ab f411      	BRNE _0x21
                 ; 0000 010F 	    LCD_writeData (0x04);		// row 6 is having only 3 bits (not 8)
0001ac e0e4      	LDI  R30,LOW(4)
0001ad c001      	RJMP _0x23
                 ; 0000 0110 	  else
                 _0x21:
                 ; 0000 0111 	    LCD_writeData (0x00);
0001ae e0e0      	LDI  R30,LOW(0)
                 _0x23:
0001af 93ea      	ST   -Y,R30
0001b0 df8b      	RCALL _LCD_writeData
                 ; 0000 0112 	}
0001b1 5f0f      	SUBI R16,-1
0001b2 cfeb      	RJMP _0x19
                 _0x1A:
                 ; 0000 0113   }
0001b3 5f1f      	SUBI R17,-1
0001b4 cfe3      	RJMP _0x16
                 _0x17:
                 ; 0000 0114 }
0001b5 d062      	RCALL __LOADLOCR2P
0001b6 9508      	RET
                 ;
                 ;
                 ;/*--------------------------------------------------------------------------------------------------
                 ;                                         End of file.
                 ;--------------------------------------------------------------------------------------------------*/
                 ;
                 ;//********************************************************
                 ;//***** PROGRAM FOR Interfacing NOKIA 3310 Display ******
                 ;//********************************************************
                 ;//Controller:	ATmega32 (Clock: 1 Mhz-internal)
                 ;//Compiler:		ImageCraft ICCAVR
                 ;//Author:		CC Dharmani, Chennai (India)
                 ;//Date:			Sep 2008
                 ;//********************************************************
                 ;
                 ;#include <mega8.h>
                 	#ifndef __SLEEP_DEFINED__
                 	#endif
                 ;#include <delay.h>
                 ;#include "3310_routines.h"
                 ;
                 ;void port_init(void)
                 ; 0001 000F {
                 
                 	.CSEG
                 _port_init:
                 ; 0001 0010  PORTB = 0xFF;
0001b7 efef      	LDI  R30,LOW(255)
0001b8 bbe8      	OUT  0x18,R30
                 ; 0001 0011  DDRB  = 0xFF;
0001b9 bbe7      	OUT  0x17,R30
                 ; 0001 0012  PORTC = 0x00;
0001ba e0e0      	LDI  R30,LOW(0)
0001bb bbe5      	OUT  0x15,R30
                 ; 0001 0013  DDRC  = 0x00;
0001bc bbe4      	OUT  0x14,R30
                 ; 0001 0014  PORTD = 0x00;
0001bd bbe2      	OUT  0x12,R30
                 ; 0001 0015  DDRD  = 0xFF;
0001be efef      	LDI  R30,LOW(255)
0001bf bbe1      	OUT  0x11,R30
                 ; 0001 0016 }
0001c0 9508      	RET
                 ;
                 ;//SPI initialize
                 ;//clock rate: 250000hz
                 ;void spi_init(void)
                 ; 0001 001B {
                 _spi_init:
                 ; 0001 001C  SPCR = 0x58; //setup SPI
0001c1 e5e8      	LDI  R30,LOW(88)
0001c2 b9ed      	OUT  0xD,R30
                 ; 0001 001D }
0001c3 9508      	RET
                 ;
                 ;//TWI initialize
                 ;// bit rate:2 (freq: 50Khz)
                 ;void twi_init(void)
                 ; 0001 0022 {
                 _twi_init:
                 ; 0001 0023  TWCR= 0X00; //disable twi
0001c4 e0e0      	LDI  R30,LOW(0)
0001c5 bfe6      	OUT  0x36,R30
                 ; 0001 0024  TWBR= 0x02; //set bit rate
0001c6 e0e2      	LDI  R30,LOW(2)
0001c7 b9e0      	OUT  0x0,R30
                 ; 0001 0025  TWSR= 0x00; //set prescale
0001c8 e0e0      	LDI  R30,LOW(0)
0001c9 b9e1      	OUT  0x1,R30
                 ; 0001 0026  TWAR= 0x00; //set slave address
0001ca b9e2      	OUT  0x2,R30
                 ; 0001 0027  TWCR= 0x44; //enable twi
0001cb e4e4      	LDI  R30,LOW(68)
0001cc bfe6      	OUT  0x36,R30
                 ; 0001 0028 }
0001cd 9508      	RET
                 ;
                 ;//call this routine to initialize all peripherals
                 ;void init_devices(void)
                 ; 0001 002C {
                 _init_devices:
                 ; 0001 002D  //stop errant interrupts until set up
                 ; 0001 002E  port_init();
0001ce dfe8      	RCALL _port_init
                 ; 0001 002F  spi_init();
0001cf dff1      	RCALL _spi_init
                 ; 0001 0030  twi_init();
0001d0 dff3      	RCALL _twi_init
                 ; 0001 0031 
                 ; 0001 0032  MCUCR = 0x00;
0001d1 e0e0      	LDI  R30,LOW(0)
0001d2 bfe5      	OUT  0x35,R30
                 ; 0001 0033  GICR  = 0x00;
0001d3 bfeb      	OUT  0x3B,R30
                 ; 0001 0034  TIMSK = 0x00; //timer interrupt sources
0001d4 bfe9      	OUT  0x39,R30
                 ; 0001 0035  //SEI(); //re-enable interrupts
                 ; 0001 0036  //all peripherals are now initialized
                 ; 0001 0037 }
0001d5 9508      	RET
                 ;
                 ;//
                 ;void main(void)
                 ; 0001 003B {
                 _main:
                 ; 0001 003C  unsigned char LED=0;
                 ; 0001 003D 
                 ; 0001 003E  init_devices();
                 ;	LED -> R17
0001d6 e010      	LDI  R17,0
0001d7 dff6      	RCALL _init_devices
                 ; 0001 003F 
                 ; 0001 0040  LCD_init();
0001d8 df48      	RCALL _LCD_init
                 ; 0001 0041 
                 ; 0001 0042  delay_ms(100);	   //delay for ds1621 write complete
0001d9 d01e      	RCALL SUBOPT_0x0
                 ; 0001 0043 
                 ; 0001 0044  LCD_drawBorder();
0001da dfbb      	RCALL _LCD_drawBorder
                 ; 0001 0045 
                 ; 0001 0046  LCD_gotoXY (4,2);
0001db e0e4      	LDI  R30,LOW(4)
0001dc 93ea      	ST   -Y,R30
0001dd e0e2      	LDI  R30,LOW(2)
0001de 93ea      	ST   -Y,R30
0001df df83      	RCALL _LCD_gotoXY
                 ; 0001 0047  LCD_writeString_F("3310_LCD");
                +
0001e0 efe2     +LDI R30 , LOW ( 2 * _0x20000 + 0 )
0001e1 e0f1     +LDI R31 , HIGH ( 2 * _0x20000 + 0 )
                 	__POINTW1FN _0x20000,0
0001e2 93fa      	ST   -Y,R31
0001e3 93ea      	ST   -Y,R30
0001e4 dfa0      	RCALL _LCD_writeString_F
                 ; 0001 0048 
                 ; 0001 0049  LCD_gotoXY (4,3);
0001e5 e0e4      	LDI  R30,LOW(4)
0001e6 93ea      	ST   -Y,R30
0001e7 e0e3      	LDI  R30,LOW(3)
0001e8 93ea      	ST   -Y,R30
0001e9 df79      	RCALL _LCD_gotoXY
                 ; 0001 004A  LCD_writeString_F("by DHARMANI");
                +
0001ea efeb     +LDI R30 , LOW ( 2 * _0x20000 + 9 )
0001eb e0f1     +LDI R31 , HIGH ( 2 * _0x20000 + 9 )
                 	__POINTW1FN _0x20000,9
0001ec 93fa      	ST   -Y,R31
0001ed 93ea      	ST   -Y,R30
0001ee df96      	RCALL _LCD_writeString_F
                 ; 0001 004B 
                 ; 0001 004C 
                 ; 0001 004D  while(1)
                 _0x20003:
                 ; 0001 004E  {
                 ; 0001 004F    if(LED == 0)
0001ef 3010      	CPI  R17,0
0001f0 f419      	BRNE _0x20006
                 ; 0001 0050    {
                 ; 0001 0051  	 PORTD |= 0x01;
0001f1 9a90      	SBI  0x12,0
                 ; 0001 0052 	 LED = 1;
0001f2 e011      	LDI  R17,LOW(1)
                 ; 0001 0053    }
                 ; 0001 0054    else
0001f3 c002      	RJMP _0x20007
                 _0x20006:
                 ; 0001 0055    {
                 ; 0001 0056 	 PORTD &= ~0x01;
0001f4 9890      	CBI  0x12,0
                 ; 0001 0057 	 LED = 0;
0001f5 e010      	LDI  R17,LOW(0)
                 ; 0001 0058    }
                 _0x20007:
                 ; 0001 0059 
                 ; 0001 005A  }
0001f6 cff8      	RJMP _0x20003
                 ; 0001 005B 
                 ; 0001 005C }
                 _0x20008:
0001f7 cfff      	RJMP _0x20008
                 
                 	.CSEG
                 ;OPTIMIZER ADDED SUBROUTINE, CALLED 3 TIMES, CODE SIZE REDUCTION:6 WORDS
                 SUBOPT_0x0:
0001f8 e6e4      	LDI  R30,LOW(100)
0001f9 e0f0      	LDI  R31,HIGH(100)
0001fa 93fa      	ST   -Y,R31
0001fb 93ea      	ST   -Y,R30
0001fc c005      	RJMP _delay_ms
                 
                 ;OPTIMIZER ADDED SUBROUTINE, CALLED 8 TIMES, CODE SIZE REDUCTION:5 WORDS
                 SUBOPT_0x1:
0001fd 93ea      	ST   -Y,R30
0001fe cf36      	RJMP _LCD_writeCommand
                 
                 ;OPTIMIZER ADDED SUBROUTINE, CALLED 8 TIMES, CODE SIZE REDUCTION:5 WORDS
                 SUBOPT_0x2:
0001ff e0e0      	LDI  R30,LOW(0)
000200 93ea      	ST   -Y,R30
000201 9508      	RET
                 
                 
                 	.CSEG
                 _delay_ms:
000202 91e9      	ld   r30,y+
000203 91f9      	ld   r31,y+
000204 9630      	adiw r30,0
000205 f039      	breq __delay_ms1
                 __delay_ms0:
                +
000206 ef8a     +LDI R24 , LOW ( 0xFA )
000207 e090     +LDI R25 , HIGH ( 0xFA )
                +__DELAY_USW_LOOP :
000208 9701     +SBIW R24 , 1
000209 f7f1     +BRNE __DELAY_USW_LOOP
                 	__DELAY_USW 0xFA
00020a 95a8      	wdr
00020b 9731      	sbiw r30,1
00020c f7c9      	brne __delay_ms0
                 __delay_ms1:
00020d 9508      	ret
                 
                 __SAVELOCR4:
00020e 933a      	ST   -Y,R19
                 __SAVELOCR3:
00020f 932a      	ST   -Y,R18
                 __SAVELOCR2:
000210 931a      	ST   -Y,R17
000211 930a      	ST   -Y,R16
000212 9508      	RET
                 
                 __LOADLOCR4:
000213 813b      	LDD  R19,Y+3
                 __LOADLOCR3:
000214 812a      	LDD  R18,Y+2
                 __LOADLOCR2:
000215 8119      	LDD  R17,Y+1
000216 8108      	LD   R16,Y
000217 9508      	RET
                 
                 __LOADLOCR2P:
000218 9109      	LD   R16,Y+
000219 9119      	LD   R17,Y+
00021a 9508      	RET
                 
                 ;END OF CODE MARKER
                 __END_OF_CODE:


RESOURCE USE INFORMATION
------------------------

Notice:
The register and instruction counts are symbol table hit counts,
and hence implicitly used resources are not counted, eg, the
'lpm' instruction without operands implicitly uses r0 and z,
none of which are counted.

x,y,z are separate entities in the symbol table and are
counted separately from r26..r31 here.

.dseg memory usage only counts static data declared with .byte

ATmega8 register use summary:
r0 :   1 r1 :   0 r2 :   0 r3 :   0 r4 :   0 r5 :   0 r6 :   0 r7 :   0 
r8 :   0 r9 :   0 r10:   0 r11:   0 r12:   0 r13:   0 r14:   0 r15:   0 
r16:  11 r17:  22 r18:   5 r19:   5 r20:   0 r21:   0 r22:   0 r23:   0 
r24:   6 r25:   2 r26:   6 r27:   2 r28:   4 r29:   1 r30:  97 r31:  17 
x  :   2 y  :  41 z  :   3 
Registers used: 16 out of 35 (45.7%)

ATmega8 instruction use summary:
adc   :   1 add   :   1 adiw  :   5 and   :   0 andi  :   0 asr   :   0 
bclr  :   0 bld   :   0 brbc  :   0 brbs  :   0 brcc  :   0 brcs  :   0 
break :   0 breq  :   3 brge  :   2 brhc  :   0 brhs  :   0 brid  :   0 
brie  :   0 brlo  :   0 brlt  :   0 brmi  :   0 brne  :   8 brpl  :   0 
brsh  :   3 brtc  :   0 brts  :   0 brvc  :   0 brvs  :   0 bset  :   0 
bst   :   0 cbi   :   5 cbr   :   0 clc   :   0 clh   :   0 cli   :   1 
cln   :   0 clr   :   2 cls   :   0 clt   :   0 clv   :   0 clz   :   0 
com   :   0 cp    :   0 cpc   :   2 cpi   :  11 cpse  :   0 dec   :   1 
des   :   0 eor   :   0 fmul  :   0 fmuls :   0 fmulsu:   0 icall :   0 
ijmp  :   0 in    :   0 inc   :   0 ld    :  10 ldd   :   8 ldi   :  57 
lds   :   0 lpm   :   6 lsl   :   0 lsr   :   0 mov   :   1 movw  :   2 
mul   :   1 muls  :   0 mulsu :   0 neg   :   0 nop   :   0 or    :   0 
ori   :   2 out   :  25 pop   :   0 push  :   0 rcall :  43 ret   :  14 
reti  :   0 rjmp  :  39 rol   :   0 ror   :   0 sbc   :   0 sbci  :   3 
sbi   :   6 sbic  :   0 sbis  :   2 sbiw  :   4 sbr   :   0 sbrc  :   0 
sbrs  :   0 sec   :   0 seh   :   0 sei   :   0 sen   :   0 ser   :   0 
ses   :   0 set   :   0 sev   :   0 sez   :   0 sleep :   0 spm   :   0 
st    :  24 std   :   1 sts   :   0 sub   :   0 subi  :   7 swap  :   0 
tst   :   0 wdr   :   1 
Instructions used: 33 out of 110 (30.0%)

ATmega8 memory use summary [bytes]:
Segment   Begin    End      Code   Data   Used    Size   Use%
---------------------------------------------------------------
[.cseg] 0x000000 0x000436    596    482   1078    8192  13.2%
[.dseg] 0x000060 0x000160      0      0      0    1024   0.0%
[.eseg] 0x000000 0x000000      0      0      0     512   0.0%

Assembly complete, 0 errors, 1 warnings
